Flow report for AkiraKadai
Wed Dec 23 20:12:22 2020
Quartus II 64-Bit Version 13.0.1 Build 232 06/12/2013 Service Pack 1 SJ Web Edition


---------------------
; Table of Contents ;
---------------------
  1. Legal Notice
  2. Flow Summary
  3. Flow Settings
  4. Flow Non-Default Global Settings
  5. Flow Elapsed Time
  6. Flow OS Summary
  7. Flow Log
  8. Flow Messages
  9. Flow Suppressed Messages



----------------
; Legal Notice ;
----------------
Copyright (C) 1991-2013 Altera Corporation
Your use of Altera Corporation's design tools, logic functions 
and other software and tools, and its AMPP partner logic 
functions, and any output files from any of the foregoing 
(including device programming or simulation files), and any 
associated documentation or information are expressly subject 
to the terms and conditions of the Altera Program License 
Subscription Agreement, Altera MegaCore Function License 
Agreement, or other applicable license agreement, including, 
without limitation, that your use is for the sole purpose of 
programming logic devices manufactured by Altera and sold by 
Altera or its authorized distributors.  Please refer to the 
applicable agreement for further details.



+--------------------------------------------------------------------------------------+
; Flow Summary                                                                         ;
+------------------------------------+-------------------------------------------------+
; Flow Status                        ; Successful - Wed Dec 23 20:12:22 2020           ;
; Quartus II 64-Bit Version          ; 13.0.1 Build 232 06/12/2013 SP 1 SJ Web Edition ;
; Revision Name                      ; AkiraKadai                                      ;
; Top-level Entity Name              ; AkiraKadai_top                                  ;
; Family                             ; Cyclone II                                      ;
; Device                             ; EP2C70F896C6                                    ;
; Timing Models                      ; Final                                           ;
; Total logic elements               ; 48 / 68,416 ( < 1 % )                           ;
;     Total combinational functions  ; 48 / 68,416 ( < 1 % )                           ;
;     Dedicated logic registers      ; 28 / 68,416 ( < 1 % )                           ;
; Total registers                    ; 28                                              ;
; Total pins                         ; 15 / 622 ( 2 % )                                ;
; Total virtual pins                 ; 0                                               ;
; Total memory bits                  ; 0 / 1,152,000 ( 0 % )                           ;
; Embedded Multiplier 9-bit elements ; 0 / 300 ( 0 % )                                 ;
; Total PLLs                         ; 1 / 4 ( 25 % )                                  ;
+------------------------------------+-------------------------------------------------+


+-----------------------------------------+
; Flow Settings                           ;
+-------------------+---------------------+
; Option            ; Setting             ;
+-------------------+---------------------+
; Start date & time ; 12/23/2020 20:12:04 ;
; Main task         ; Compilation         ;
; Revision Name     ; AkiraKadai          ;
+-------------------+---------------------+


+-------------------------------------------------------------------------------------------------------------------------------+
; Flow Non-Default Global Settings                                                                                              ;
+-------------------------------------+---------------------------------------+---------------+----------------+----------------+
; Assignment Name                     ; Value                                 ; Default Value ; Entity Name    ; Section Id     ;
+-------------------------------------+---------------------------------------+---------------+----------------+----------------+
; COMPILER_SIGNATURE_ID               ; 163683358363860.160872192307732       ; --            ; --             ; --             ;
; EDA_OUTPUT_DATA_FORMAT              ; Verilog Hdl                           ; --            ; --             ; eda_simulation ;
; EDA_SIMULATION_TOOL                 ; ModelSim-Altera (Verilog)             ; <None>        ; --             ; --             ;
; IP_TOOL_NAME                        ; ALTPLL                                ; --            ; --             ; --             ;
; IP_TOOL_NAME                        ; LPM_MUX                               ; --            ; --             ; --             ;
; IP_TOOL_VERSION                     ; 13.0                                  ; --            ; --             ; --             ;
; IP_TOOL_VERSION                     ; 13.0                                  ; --            ; --             ; --             ;
; MAX_CORE_JUNCTION_TEMP              ; 85                                    ; --            ; --             ; --             ;
; MIN_CORE_JUNCTION_TEMP              ; 0                                     ; --            ; --             ; --             ;
; MISC_FILE                           ; pll.bsf                               ; --            ; --             ; --             ;
; MISC_FILE                           ; pll_bb.v                              ; --            ; --             ; --             ;
; MISC_FILE                           ; pll.ppf                               ; --            ; --             ; --             ;
; MISC_FILE                           ; counter_bus_mux.bsf                   ; --            ; --             ; --             ;
; MISC_FILE                           ; counter_bus_mux_bb.v                  ; --            ; --             ; --             ;
; PARTITION_COLOR                     ; 16764057                              ; --            ; AkiraKadai_top ; Top            ;
; PARTITION_FITTER_PRESERVATION_LEVEL ; PLACEMENT_AND_ROUTING                 ; --            ; AkiraKadai_top ; Top            ;
; PARTITION_NETLIST_TYPE              ; SOURCE                                ; --            ; AkiraKadai_top ; Top            ;
; POWER_BOARD_THERMAL_MODEL           ; None (CONSERVATIVE)                   ; --            ; --             ; --             ;
; POWER_PRESET_COOLING_SOLUTION       ; 23 MM HEAT SINK WITH 200 LFPM AIRFLOW ; --            ; --             ; --             ;
; PROJECT_OUTPUT_DIRECTORY            ; output_files                          ; --            ; --             ; --             ;
; TOP_LEVEL_ENTITY                    ; AkiraKadai_top                        ; AkiraKadai    ; --             ; --             ;
+-------------------------------------+---------------------------------------+---------------+----------------+----------------+


+-------------------------------------------------------------------------------------------------------------------------------+
; Flow Elapsed Time                                                                                                             ;
+---------------------------+--------------+-------------------------+---------------------+------------------------------------+
; Module Name               ; Elapsed Time ; Average Processors Used ; Peak Virtual Memory ; Total CPU Time (on all processors) ;
+---------------------------+--------------+-------------------------+---------------------+------------------------------------+
; Analysis & Synthesis      ; 00:00:01     ; 1.0                     ; 4618 MB             ; 00:00:01                           ;
; Fitter                    ; 00:00:08     ; 1.0                     ; 4980 MB             ; 00:00:08                           ;
; Assembler                 ; 00:00:03     ; 1.0                     ; 4571 MB             ; 00:00:03                           ;
; TimeQuest Timing Analyzer ; 00:00:01     ; 1.0                     ; 4552 MB             ; 00:00:01                           ;
; EDA Netlist Writer        ; 00:00:01     ; 1.0                     ; 4525 MB             ; 00:00:01                           ;
; Total                     ; 00:00:14     ; --                      ; --                  ; 00:00:14                           ;
+---------------------------+--------------+-------------------------+---------------------+------------------------------------+


+----------------------------------------------------------------------------------------+
; Flow OS Summary                                                                        ;
+---------------------------+------------------+-----------+------------+----------------+
; Module Name               ; Machine Hostname ; OS Name   ; OS Version ; Processor type ;
+---------------------------+------------------+-----------+------------+----------------+
; Analysis & Synthesis      ; JET10            ; Windows 7 ; 6.2        ; x86_64         ;
; Fitter                    ; JET10            ; Windows 7 ; 6.2        ; x86_64         ;
; Assembler                 ; JET10            ; Windows 7 ; 6.2        ; x86_64         ;
; TimeQuest Timing Analyzer ; JET10            ; Windows 7 ; 6.2        ; x86_64         ;
; EDA Netlist Writer        ; JET10            ; Windows 7 ; 6.2        ; x86_64         ;
+---------------------------+------------------+-----------+------------+----------------+


------------
; Flow Log ;
------------
quartus_map --read_settings_files=on --write_settings_files=off AkiraKadai -c AkiraKadai
quartus_fit --read_settings_files=off --write_settings_files=off AkiraKadai -c AkiraKadai
quartus_asm --read_settings_files=off --write_settings_files=off AkiraKadai -c AkiraKadai
quartus_sta AkiraKadai -c AkiraKadai
quartus_eda --read_settings_files=off --write_settings_files=off AkiraKadai -c AkiraKadai



